<?xml version="1.0" encoding="UTF-8"?>
<!-- Generated by org.testng.reporters.JUnitReportReporter -->
<testsuite hostname="LIN51008647" failures="0" tests="3" name="tests.PutPatchDeleteExamples" time="4.809" errors="0" timestamp="2021-04-23T15:29:03 IST" skipped="0">
  <testcase classname="tests.PutPatchDeleteExamples" name="testdelete" time="3.136"/>
  <system-out/>
  <testcase classname="tests.PutPatchDeleteExamples" name="testput" time="1.117"/>
  <system-out/>
  <testcase classname="tests.PutPatchDeleteExamples" name="testpatch" time="0.556"/>
  <system-out/>
</testsuite> <!-- tests.PutPatchDeleteExamples -->
