<?xml version="1.0" encoding="UTF-8"?>
<!-- Generated by org.testng.reporters.JUnitReportReporter -->
<testsuite hostname="LIN51008647" failures="0" tests="2" name="tests.GetandPostExamples" time="7.175" errors="0" timestamp="2021-04-22T22:17:29 IST" skipped="0">
  <testcase classname="tests.GetandPostExamples" name="testget" time="6.328"/>
  <system-out/>
  <testcase classname="tests.GetandPostExamples" name="testpost" time="0.847"/>
  <system-out/>
</testsuite> <!-- tests.GetandPostExamples -->
