<?xml version="1.0" encoding="UTF-8"?>
<!-- Generated by org.testng.reporters.JUnitReportReporter -->
<testsuite hostname="LIN51008647" failures="0" tests="1" name="demo.XMLSchemaValidation" time="10.430" errors="0" timestamp="2021-05-11T17:47:02 IST" skipped="0">
  <testcase classname="demo.XMLSchemaValidation" name="XmlSchema" time="10.430"/>
  <system-out/>
</testsuite> <!-- demo.XMLSchemaValidation -->
