<?xml version="1.0" encoding="UTF-8"?>
<!-- Generated by org.testng.reporters.JUnitReportReporter -->
<testsuite hostname="LIN51008647" failures="0" tests="2" name="demo.TestOnLocalAPI" time="3.778" errors="0" timestamp="2021-04-28T21:50:15 IST" skipped="0">
  <testcase classname="demo.TestOnLocalAPI" name="patch" time="0.136"/>
  <system-out/>
  <testcase classname="demo.TestOnLocalAPI" name="delete" time="3.642"/>
  <system-out/>
</testsuite> <!-- demo.TestOnLocalAPI -->
