<?xml version="1.0" encoding="UTF-8"?>
<!-- Generated by org.testng.reporters.JUnitReportReporter -->
<testsuite hostname="LIN51008647" failures="0" tests="1" name="demo.JsonSchemaValidator" time="5.168" errors="0" timestamp="2021-04-29T14:02:54 IST" skipped="0">
  <testcase classname="demo.JsonSchemaValidator" name="schema" time="5.168"/>
  <system-out/>
</testsuite> <!-- demo.JsonSchemaValidator -->
