<?xml version="1.0" encoding="UTF-8"?>
<!-- Generated by org.testng.reporters.JUnitReportReporter -->
<testsuite hostname="LIN51008647" failures="0" tests="2" name="tests.Test1" time="4.561" errors="0" timestamp="2021-04-22T20:01:35 IST" skipped="0">
  <testcase classname="tests.Test1" name="test_1" time="3.145"/>
  <system-out/>
  <testcase classname="tests.Test1" name="test_2" time="1.416"/>
  <system-out/>
</testsuite> <!-- tests.Test1 -->
