<?xml version="1.0" encoding="UTF-8"?>
<!-- Generated by org.testng.reporters.JUnitReportReporter -->
<testsuite hostname="LIN51008647" failures="0" tests="1" name="demo.SoapApi" time="6.688" errors="0" timestamp="2021-05-10T20:40:33 IST" skipped="0">
  <testcase classname="demo.SoapApi" name="SoapXML" time="6.688"/>
  <system-out/>
</testsuite> <!-- demo.SoapApi -->
