<?xml version="1.0" encoding="UTF-8"?>
<!-- Generated by org.testng.reporters.JUnitReportReporter -->
<testsuite hostname="LIN51008647" failures="0" tests="1" name="Demo.SumValidation" time="4.011" errors="0" timestamp="2021-07-19T15:57:32 IST" skipped="0">
  <testcase classname="Demo.SumValidation" name="sumOfcourses" time="4.011"/>
  <system-out/>
</testsuite> <!-- Demo.SumValidation -->
