<?xml version="1.0" encoding="UTF-8"?>
<!-- Generated by org.testng.reporters.JUnitReportReporter -->
<testsuite hostname="LIN51008647" failures="0" tests="3" name="Files.Dynamicjson" time="6.267" errors="0" timestamp="2021-07-20T16:42:39 IST" skipped="0">
  <testcase classname="Files.Dynamicjson" name="addbook" time="0.948"/>
  <system-out/>
  <testcase classname="Files.Dynamicjson" name="addbook" time="0.944"/>
  <system-out/>
  <testcase classname="Files.Dynamicjson" name="addbook" time="4.375"/>
  <system-out/>
</testsuite> <!-- Files.Dynamicjson -->
